2025-04-04 11:41:24.035438 - Received CBT.V508.FILE554.PDS from FILE554.XMI 
2025-04-04 11:41:24.038016 - Found $$$#DATE.txt (text/plain) in CBT.V508.FILE554.PDS, moved to PDS/$$$#DATE
2025-04-04 11:41:24.038173 - Found $$README.txt (text/plain) in CBT.V508.FILE554.PDS, moved to PDS/$$README
2025-04-04 11:41:24.038363 - Found $CHANGES.txt (text/plain) in CBT.V508.FILE554.PDS, moved to PDS/$CHANGES
2025-04-04 11:41:24.038513 - Found @FILE554.txt (text/plain) in CBT.V508.FILE554.PDS, moved to PDS/@FILE554
2025-04-04 11:41:24.038721 - Found ALLOC.txt (text/plain) in CBT.V508.FILE554.PDS, moved to PDS/ALLOC
2025-04-04 11:41:24.038894 - Found ANCHOR.txt (text/plain) in CBT.V508.FILE554.PDS, moved to PDS/ANCHOR
2025-04-04 11:41:24.039059 - Found ANKPRM.txt (text/plain) in CBT.V508.FILE554.PDS, moved to PDS/ANKPRM
2025-04-04 11:41:24.039242 - Found ASMLKD.txt (text/plain) in CBT.V508.FILE554.PDS, moved to PDS/ASMLKD
2025-04-04 11:41:24.039395 - Found BLDIRB.txt (text/plain) in CBT.V508.FILE554.PDS, moved to PDS/BLDIRB
2025-04-04 11:41:24.039542 - Found CALLPC.txt (text/plain) in CBT.V508.FILE554.PDS, moved to PDS/CALLPC
2025-04-04 11:41:24.039697 - Found CKXTALK.txt (text/plain) in CBT.V508.FILE554.PDS, moved to PDS/CKXTALK
2025-04-04 11:41:24.039862 - Found DSPACE.txt (text/plain) in CBT.V508.FILE554.PDS, moved to PDS/DSPACE
2025-04-04 11:41:24.040010 - Found DSPACE#.txt (text/plain) in CBT.V508.FILE554.PDS, moved to PDS/DSPACE#
2025-04-04 11:41:24.040149 - Found DSPFIND.txt (text/plain) in CBT.V508.FILE554.PDS, moved to PDS/DSPFIND
2025-04-04 11:41:24.040287 - Found DSPFINDO.txt (text/plain) in CBT.V508.FILE554.PDS, moved to PDS/DSPFINDO
2025-04-04 11:41:24.040410 - Found DSPTBLE.txt (text/plain) in CBT.V508.FILE554.PDS, moved to PDS/DSPTBLE
2025-04-04 11:41:24.040541 - Found DSPUT.txt (text/plain) in CBT.V508.FILE554.PDS, moved to PDS/DSPUT
2025-04-04 11:41:24.040714 - Found DYNAL.txt (text/plain) in CBT.V508.FILE554.PDS, moved to PDS/DYNAL
2025-04-04 11:41:24.040888 - Found DYNPRM.txt (text/plain) in CBT.V508.FILE554.PDS, moved to PDS/DYNPRM
2025-04-04 11:41:24.041045 - Found EDEBUG.txt (text/plain) in CBT.V508.FILE554.PDS, moved to PDS/EDEBUG
2025-04-04 11:41:24.041195 - Found EDEBUGC.txt (text/plain) in CBT.V508.FILE554.PDS, moved to PDS/EDEBUGC
2025-04-04 11:41:24.041495 - Found ENDMOD.txt (text/plain) in CBT.V508.FILE554.PDS, moved to PDS/ENDMOD
2025-04-04 11:41:24.041621 - Found EQUATES.txt (text/plain) in CBT.V508.FILE554.PDS, moved to PDS/EQUATES
2025-04-04 11:41:24.041749 - Found ESAMOVE.txt (text/plain) in CBT.V508.FILE554.PDS, moved to PDS/ESAMOVE
2025-04-04 11:41:24.041901 - Found ESAMVPC.txt (text/plain) in CBT.V508.FILE554.PDS, moved to PDS/ESAMVPC
2025-04-04 11:41:24.042045 - Found ESAMVPCO.txt (text/plain) in CBT.V508.FILE554.PDS, moved to PDS/ESAMVPCO
2025-04-04 11:41:24.042475 - Found ESFRAME.txt (text/plain) in CBT.V508.FILE554.PDS, moved to PDS/ESFRAME
2025-04-04 11:41:24.042977 - Found EXEC.txt (text/plain) in CBT.V508.FILE554.PDS, moved to PDS/EXEC
2025-04-04 11:41:24.043131 - Found GETASCB.txt (text/plain) in CBT.V508.FILE554.PDS, moved to PDS/GETASCB
2025-04-04 11:41:24.043277 - Found GETPRM.txt (text/plain) in CBT.V508.FILE554.PDS, moved to PDS/GETPRM
2025-04-04 11:41:24.043400 - Found GET24.txt (text/plain) in CBT.V508.FILE554.PDS, moved to PDS/GET24
2025-04-04 11:41:24.043530 - Found HEXPRT.txt (text/plain) in CBT.V508.FILE554.PDS, moved to PDS/HEXPRT
2025-04-04 11:41:24.043670 - Found HOOKDRV.txt (text/plain) in CBT.V508.FILE554.PDS, moved to PDS/HOOKDRV
2025-04-04 11:41:24.043793 - Found HOOKIN.txt (text/plain) in CBT.V508.FILE554.PDS, moved to PDS/HOOKIN
2025-04-04 11:41:24.043916 - Found HOOKPRE.txt (text/plain) in CBT.V508.FILE554.PDS, moved to PDS/HOOKPRE
2025-04-04 11:41:24.044037 - Found HOOKPRM.txt (text/plain) in CBT.V508.FILE554.PDS, moved to PDS/HOOKPRM
2025-04-04 11:41:24.044257 - Found HOOKSVC.txt (text/plain) in CBT.V508.FILE554.PDS, moved to PDS/HOOKSVC
2025-04-04 11:41:24.044421 - Found INNERMM.txt (text/plain) in CBT.V508.FILE554.PDS, moved to PDS/INNERMM
2025-04-04 11:41:24.044577 - Found IRBRTN.txt (text/plain) in CBT.V508.FILE554.PDS, moved to PDS/IRBRTN
2025-04-04 11:41:24.044725 - Found MFRAME.txt (text/plain) in CBT.V508.FILE554.PDS, moved to PDS/MFRAME
2025-04-04 11:41:24.044881 - Found MODULE.txt (text/plain) in CBT.V508.FILE554.PDS, moved to PDS/MODULE
2025-04-04 11:41:24.045016 - Found NCRYPT.txt (text/plain) in CBT.V508.FILE554.PDS, moved to PDS/NCRYPT
2025-04-04 11:41:24.045154 - Found NSWPRTN.txt (text/plain) in CBT.V508.FILE554.PDS, moved to PDS/NSWPRTN
2025-04-04 11:41:24.045312 - Found PCPERM.txt (text/plain) in CBT.V508.FILE554.PDS, moved to PDS/PCPERM
2025-04-04 11:41:24.045512 - Found PCSERV.txt (text/plain) in CBT.V508.FILE554.PDS, moved to PDS/PCSERV
2025-04-04 11:41:24.045984 - Found PCSET.txt (text/plain) in CBT.V508.FILE554.PDS, moved to PDS/PCSET
2025-04-04 11:41:24.046225 - Found PCSET#.txt (text/plain) in CBT.V508.FILE554.PDS, moved to PDS/PCSET#
2025-04-04 11:41:24.046399 - Found PERCRC.txt (text/plain) in CBT.V508.FILE554.PDS, moved to PDS/PERCRC
2025-04-04 11:41:24.046628 - Found PGMNAME.txt (text/plain) in CBT.V508.FILE554.PDS, moved to PDS/PGMNAME
2025-04-04 11:41:24.046752 - Found PPGNM.txt (text/plain) in CBT.V508.FILE554.PDS, moved to PDS/PPGNM
2025-04-04 11:41:24.046886 - Found PRTMOD.txt (text/plain) in CBT.V508.FILE554.PDS, moved to PDS/PRTMOD
2025-04-04 11:41:24.047007 - Found PUT24.txt (text/plain) in CBT.V508.FILE554.PDS, moved to PDS/PUT24
2025-04-04 11:41:24.047139 - Found REPMOD.txt (text/plain) in CBT.V508.FILE554.PDS, moved to PDS/REPMOD
2025-04-04 11:41:24.047251 - Found SCHDPRM.txt (text/plain) in CBT.V508.FILE554.PDS, moved to PDS/SCHDPRM
2025-04-04 11:41:24.047373 - Found SCHDSRB.txt (text/plain) in CBT.V508.FILE554.PDS, moved to PDS/SCHDSRB
2025-04-04 11:41:24.047517 - Found SENDASM.txt (text/plain) in CBT.V508.FILE554.PDS, moved to PDS/SENDASM
2025-04-04 11:41:24.047637 - Found SENDJCL.txt (text/plain) in CBT.V508.FILE554.PDS, moved to PDS/SENDJCL
2025-04-04 11:41:24.047767 - Found SENDMAC.txt (text/plain) in CBT.V508.FILE554.PDS, moved to PDS/SENDMAC
2025-04-04 11:41:24.047949 - Found SRBPRM.txt (text/plain) in CBT.V508.FILE554.PDS, moved to PDS/SRBPRM
2025-04-04 11:41:24.048111 - Found SUBTSK.txt (text/plain) in CBT.V508.FILE554.PDS, moved to PDS/SUBTSK
2025-04-04 11:41:24.048266 - Found SVCLIST.txt (text/plain) in CBT.V508.FILE554.PDS, moved to PDS/SVCLIST
2025-04-04 11:41:24.048398 - Found SYSIN01B.txt (text/plain) in CBT.V508.FILE554.PDS, moved to PDS/SYSIN01B
2025-04-04 11:41:24.048653 - Found SYSIN01C.txt (text/plain) in CBT.V508.FILE554.PDS, moved to PDS/SYSIN01C
2025-04-04 11:41:24.049291 - Found TSCHD1.txt (text/plain) in CBT.V508.FILE554.PDS, moved to PDS/TSCHD1
2025-04-04 11:41:24.049456 - Found UNANCH.txt (text/plain) in CBT.V508.FILE554.PDS, moved to PDS/UNANCH
2025-04-04 11:41:24.049615 - Found XAFRAME.txt (text/plain) in CBT.V508.FILE554.PDS, moved to PDS/XAFRAME
2025-04-04 11:41:24.049751 - Found XAMOVE.txt (text/plain) in CBT.V508.FILE554.PDS, moved to PDS/XAMOVE
2025-04-04 11:41:24.049874 - Found XASAC.txt (text/plain) in CBT.V508.FILE554.PDS, moved to PDS/XASAC
2025-04-04 11:41:24.049990 - Found XMSESA.txt (text/plain) in CBT.V508.FILE554.PDS, moved to PDS/XMSESA
2025-04-04 11:41:24.050104 - Found XMSXA.txt (text/plain) in CBT.V508.FILE554.PDS, moved to PDS/XMSXA
2025-04-04 11:41:24.050233 - Found XTALK.txt (text/plain) in CBT.V508.FILE554.PDS, moved to PDS/XTALK
2025-04-04 11:41:24.050358 - Found XTOC.txt (text/plain) in CBT.V508.FILE554.PDS, moved to PDS/XTOC
